<?xml version="1.0" encoding="UTF-8"?>
<testsuite name="JUnit Jupiter" tests="6" skipped="0" failures="0" errors="0" time="0.15" hostname="mrluck-asus" timestamp="2018-03-14T09:03:19">
<properties>
[...]
</properties>
<testcase name="getSuitValue()" classname="model.CardTest" time="0.041">
<system-out><![CDATA[
unique-id: [engine:junit-jupiter]/[class:model.CardTest]/[method:getSuitValue()]
display-name: getSuitValue()
]]></system-out>
</testcase>
<testcase name="Card()" classname="model.CardTest" time="0">
<system-out><![CDATA[
unique-id: [engine:junit-jupiter]/[class:model.CardTest]/[method:Card()]
display-name: Card()
]]></system-out>
</testcase>
<testcase name="getNameValue()" classname="model.CardTest" time="0.002">
<system-out><![CDATA[
unique-id: [engine:junit-jupiter]/[class:model.CardTest]/[method:getNameValue()]
display-name: getNameValue()
]]></system-out>
</testcase>
<testcase name="getValue()" classname="model.CardTest" time="0">
<system-out><![CDATA[
unique-id: [engine:junit-jupiter]/[class:model.CardTest]/[method:getValue()]
display-name: getValue()
]]></system-out>
</testcase>
<testcase name="myFirstTest()" classname="FirstJUnit5Tests" time="0">
<system-out><![CDATA[
unique-id: [engine:junit-jupiter]/[class:FirstJUnit5Tests]/[method:myFirstTest()]
display-name: myFirstTest()
]]></system-out>
</testcase>
<testcase name="start()" classname="TableTest" time="0">
<system-out><![CDATA[
unique-id: [engine:junit-jupiter]/[class:TableTest]/[method:start()]
display-name: start()
]]></system-out>
</testcase>
<system-out><![CDATA[
unique-id: [engine:junit-jupiter]
display-name: JUnit Jupiter
]]></system-out>
</testsuite>
